<?xml version="1.0" encoding="UTF-8"?>
<testng-results ignored="0" total="1" passed="1" failed="0" skipped="0">
  <reporter-output>
  </reporter-output>
  <suite started-at="2024-06-26T12:59:17 IST" name="Default suite" finished-at="2024-06-26T12:59:20 IST" duration-ms="2955">
    <groups>
    </groups>
    <test started-at="2024-06-26T12:59:17 IST" name="Default test" finished-at="2024-06-26T12:59:20 IST" duration-ms="2955">
      <class name="day3.PathAndQueryParams">
        <test-method signature="testparams()[pri:0, instance:day3.PathAndQueryParams@6253c26]" started-at="2024-06-26T12:59:17 IST" name="testparams" finished-at="2024-06-26T12:59:20 IST" duration-ms="2890" status="PASS">
          <reporter-output>
          </reporter-output>
        </test-method> <!-- testparams -->
      </class> <!-- day3.PathAndQueryParams -->
    </test> <!-- Default test -->
  </suite> <!-- Default suite -->
</testng-results>
